2026-02-02 14:42:38.706 [main] DEBUG org.hibernate.orm.core - HHH000513: Unable to create the ReflectionOptimizer for [org.example.entity.Trainer]: private accessor [experience]
2026-02-02 14:42:38.733 [main] DEBUG org.hibernate.orm.bytecode.interceptor - HHH90005905: To-one property 'org.example.entity.StudentProfile.student' was mapped with LAZY + NO_PROXY but the class was not enhanced
2026-02-02 14:42:38.734 [main] DEBUG org.hibernate.orm.bytecode.interceptor - HHH90005905: To-one property 'org.example.entity.StudentProfile.student' was mapped with LAZY + NO_PROXY but the class was not enhanced
2026-02-02 14:42:38.750 [main] DEBUG org.hibernate.orm.core - HHH000513: Unable to create the ReflectionOptimizer for [org.example.entity.StudentProfile]: private accessor [progress]
2026-02-02 14:42:38.754 [main] DEBUG org.hibernate.orm.bytecode.interceptor - HHH90005905: To-one property 'org.example.entity.StudentProfile.student' was mapped with LAZY + NO_PROXY but the class was not enhanced
2026-02-02 14:42:38.755 [main] DEBUG org.hibernate.orm.bytecode.interceptor - HHH90005905: To-one property 'org.example.entity.Student.studentProfile' was mapped with LAZY + NO_PROXY but the class was not enhanced
2026-02-02 14:42:38.755 [main] DEBUG org.hibernate.orm.bytecode.interceptor - HHH90005905: To-one property 'org.example.entity.Student.studentProfile' was mapped with LAZY + NO_PROXY but the class was not enhanced
2026-02-02 14:42:38.772 [main] DEBUG org.hibernate.orm.core - HHH000513: Unable to create the ReflectionOptimizer for [org.example.entity.Student]: private accessor [course]
2026-02-02 14:42:38.772 [main] DEBUG org.hibernate.orm.bytecode.interceptor - HHH90005905: To-one property 'org.example.entity.Student.studentProfile' was mapped with LAZY + NO_PROXY but the class was not enhanced
2026-02-02 14:42:38.787 [main] DEBUG org.hibernate.orm.core - HHH000513: Unable to create the ReflectionOptimizer for [org.example.entity.Course]: private accessor [courseName]
2026-02-02 14:42:38.787 [main] DEBUG org.hibernate.orm.bytecode.interceptor - HHH90005905: To-one property 'org.example.entity.TrainerCourse.course' was mapped with LAZY + NO_PROXY but the class was not enhanced
2026-02-02 14:42:38.788 [main] DEBUG org.hibernate.orm.bytecode.interceptor - HHH90005905: To-one property 'org.example.entity.TrainerCourse.course' was mapped with LAZY + NO_PROXY but the class was not enhanced
2026-02-02 14:42:38.788 [main] DEBUG org.hibernate.orm.bytecode.interceptor - HHH90005905: To-one property 'org.example.entity.TrainerCourse.trainer' was mapped with LAZY + NO_PROXY but the class was not enhanced
2026-02-02 14:42:38.788 [main] DEBUG org.hibernate.orm.bytecode.interceptor - HHH90005905: To-one property 'org.example.entity.TrainerCourse.trainer' was mapped with LAZY + NO_PROXY but the class was not enhanced
2026-02-02 14:42:38.800 [main] DEBUG org.hibernate.orm.core - HHH000513: Unable to create the ReflectionOptimizer for [org.example.entity.TrainerCourse]: private accessor [course]
2026-02-02 14:42:38.801 [main] DEBUG org.hibernate.orm.bytecode.interceptor - HHH90005905: To-one property 'org.example.entity.TrainerCourse.course' was mapped with LAZY + NO_PROXY but the class was not enhanced
2026-02-02 14:42:38.801 [main] DEBUG org.hibernate.orm.bytecode.interceptor - HHH90005905: To-one property 'org.example.entity.TrainerCourse.trainer' was mapped with LAZY + NO_PROXY but the class was not enhanced
2026-02-02 14:42:39.091 [main] INFO  org.hibernate.orm.core - HHH000489: No JTA platform available (set 'hibernate.transaction.jta.platform' to enable JTA platform integration)
2026-02-02 14:42:39.099 [main] DEBUG org.hibernate.orm.service - HHH010454: EventListenerRegistry access via ServiceRegistry is deprecated - use 'sessionFactory.getEventEngine().getListenerRegistry()' instead
2026-02-02 14:42:39.101 [main] DEBUG org.hibernate.tool.schema.spi.SchemaManagementToolCoordinator - No schema actions specified for contributor 'orm'
2026-02-02 14:42:39.101 [main] DEBUG org.hibernate.tool.schema.spi.SchemaManagementToolCoordinator - No schema management actions found
2026-02-02 14:42:39.104 [main] DEBUG org.hibernate.orm.factoryRegistry - HHH020384: Registering SessionFactory [fbc1f750-41ba-42c2-82c3-6401142b3541] (<unnamed>)
2026-02-02 14:42:39.104 [main] DEBUG org.hibernate.orm.core - HHH006588: Opening session [tenant=null]
2026-02-02 14:42:39.182 [main] DEBUG org.hibernate.orm.core - HHH006583: Beginning transaction
2026-02-02 14:42:39.207 [main] DEBUG org.hibernate.SQL - 
    select
        c1_0.id,
        c1_0.course_name 
    from
        public.courses c1_0 
    where
        c1_0.id=?
2026-02-02 14:42:39.262 [main] DEBUG org.hibernate.SQL - 
    insert 
    into
        public.trainer_course
        (course_id, trainer_id) 
    values
        (?, ?)
2026-02-02 14:42:39.274 [main] WARN  org.hibernate.orm.jdbc.error - HHH000247: ErrorCode: 0, SQLState: 23502
2026-02-02 14:42:39.274 [main] WARN  org.hibernate.orm.jdbc.error - ОШИБКА: null value in column "trainer_id" of relation "trainer_course" violates not-null constraint
  Подробности: Failing row contains (2, 2, null).
2026-02-02 14:42:39.274 [main] DEBUG org.hibernate.orm.jdbc.error - could not execute statement [insert into public.trainer_course (course_id,trainer_id) values (?,?)]
org.postgresql.util.PSQLException: ОШИБКА: null value in column "trainer_id" of relation "trainer_course" violates not-null constraint
  Подробности: Failing row contains (2, 2, null).
	at org.postgresql.core.v3.QueryExecutorImpl.receiveErrorResponse(QueryExecutorImpl.java:2846)
	at org.postgresql.core.v3.QueryExecutorImpl.processResults(QueryExecutorImpl.java:2531)
	at org.postgresql.core.v3.QueryExecutorImpl.execute(QueryExecutorImpl.java:429)
	at org.postgresql.jdbc.PgStatement.executeInternal(PgStatement.java:526)
	at org.postgresql.jdbc.PgStatement.execute(PgStatement.java:436)
	at org.postgresql.jdbc.PgPreparedStatement.executeWithFlags(PgPreparedStatement.java:196)
	at org.postgresql.jdbc.PgPreparedStatement.executeUpdate(PgPreparedStatement.java:157)
	at org.hibernate.engine.jdbc.internal.ResultSetReturnImpl.executeUpdate(ResultSetReturnImpl.java:181)
	at org.hibernate.id.insert.GetGeneratedKeysDelegate.performMutation(GetGeneratedKeysDelegate.java:103)
	at org.hibernate.engine.jdbc.mutation.internal.MutationExecutorSingleNonBatched.performNonBatchedOperations(MutationExecutorSingleNonBatched.java:45)
	at org.hibernate.engine.jdbc.mutation.internal.AbstractMutationExecutor.execute(AbstractMutationExecutor.java:66)
	at org.hibernate.engine.jdbc.mutation.internal.AbstractMutationExecutor.execute(AbstractMutationExecutor.java:55)
	at org.hibernate.persister.entity.mutation.InsertCoordinatorStandard.doStaticInserts(InsertCoordinatorStandard.java:180)
	at org.hibernate.persister.entity.mutation.InsertCoordinatorStandard.coordinateInsert(InsertCoordinatorStandard.java:120)
	at org.hibernate.persister.entity.mutation.InsertCoordinatorStandard.insert(InsertCoordinatorStandard.java:84)
	at org.hibernate.action.internal.EntityIdentityInsertAction.execute(EntityIdentityInsertAction.java:85)
	at org.hibernate.engine.spi.ActionQueue.execute(ActionQueue.java:667)
	at org.hibernate.engine.spi.ActionQueue.addResolvedEntityInsertAction(ActionQueue.java:291)
	at org.hibernate.engine.spi.ActionQueue.addInsertAction(ActionQueue.java:270)
	at org.hibernate.engine.spi.ActionQueue.addAction(ActionQueue.java:322)
	at org.hibernate.event.internal.AbstractSaveEventListener.addInsertAction(AbstractSaveEventListener.java:371)
	at org.hibernate.event.internal.AbstractSaveEventListener.performSaveOrReplicate(AbstractSaveEventListener.java:285)
	at org.hibernate.event.internal.AbstractSaveEventListener.performSave(AbstractSaveEventListener.java:215)
	at org.hibernate.event.internal.AbstractSaveEventListener.saveWithGeneratedId(AbstractSaveEventListener.java:133)
	at org.hibernate.event.internal.DefaultPersistEventListener.entityIsTransient(DefaultPersistEventListener.java:144)
	at org.hibernate.event.internal.DefaultPersistEventListener.persist(DefaultPersistEventListener.java:91)
	at org.hibernate.event.internal.DefaultPersistEventListener.onPersist(DefaultPersistEventListener.java:75)
	at org.hibernate.event.internal.DefaultPersistEventListener.onPersist(DefaultPersistEventListener.java:51)
	at org.hibernate.event.service.internal.EventListenerGroupImpl.fireEventOnEachListener(EventListenerGroupImpl.java:138)
	at org.hibernate.internal.SessionImpl.firePersist(SessionImpl.java:693)
	at org.hibernate.internal.SessionImpl.persist(SessionImpl.java:676)
	at org.example.HibernateRunnerTest.addTrainerAndCourse(HibernateRunnerTest.java:29)
	at java.base/jdk.internal.reflect.DirectMethodHandleAccessor.invoke(DirectMethodHandleAccessor.java:103)
	at java.base/java.lang.reflect.Method.invoke(Method.java:580)
	at org.junit.runners.model.FrameworkMethod$1.runReflectiveCall(FrameworkMethod.java:59)
	at org.junit.internal.runners.model.ReflectiveCallable.run(ReflectiveCallable.java:12)
	at org.junit.runners.model.FrameworkMethod.invokeExplosively(FrameworkMethod.java:56)
	at org.junit.internal.runners.statements.InvokeMethod.evaluate(InvokeMethod.java:17)
	at org.junit.runners.ParentRunner$3.evaluate(ParentRunner.java:306)
	at org.junit.runners.BlockJUnit4ClassRunner$1.evaluate(BlockJUnit4ClassRunner.java:100)
	at org.junit.runners.ParentRunner.runLeaf(ParentRunner.java:366)
	at org.junit.runners.BlockJUnit4ClassRunner.runChild(BlockJUnit4ClassRunner.java:103)
	at org.junit.runners.BlockJUnit4ClassRunner.runChild(BlockJUnit4ClassRunner.java:63)
	at org.junit.runners.ParentRunner$4.run(ParentRunner.java:331)
	at org.junit.runners.ParentRunner$1.schedule(ParentRunner.java:79)
	at org.junit.runners.ParentRunner.runChildren(ParentRunner.java:329)
	at org.junit.runners.ParentRunner.access$100(ParentRunner.java:66)
	at org.junit.runners.ParentRunner$2.evaluate(ParentRunner.java:293)
	at org.junit.runners.ParentRunner$3.evaluate(ParentRunner.java:306)
	at org.junit.runners.ParentRunner.run(ParentRunner.java:413)
	at org.junit.runner.JUnitCore.run(JUnitCore.java:137)
	at com.intellij.junit4.JUnit4IdeaTestRunner.startRunnerWithArgs(JUnit4IdeaTestRunner.java:69)
	at com.intellij.rt.junit.IdeaTestRunner$Repeater$1.execute(IdeaTestRunner.java:38)
	at com.intellij.rt.execution.junit.TestsRepeater.repeat(TestsRepeater.java:11)
	at com.intellij.rt.junit.IdeaTestRunner$Repeater.startRunnerWithArgs(IdeaTestRunner.java:35)
	at com.intellij.rt.junit.JUnitStarter.prepareStreamsAndStart(JUnitStarter.java:232)
	at com.intellij.rt.junit.JUnitStarter.main(JUnitStarter.java:55)
