2026-02-03 22:41:35.694 [main] DEBUG org.hibernate.orm.service - HHH010454: EventListenerRegistry access via ServiceRegistry is deprecated - use 'sessionFactory.getEventEngine().getListenerRegistry()' instead
2026-02-03 22:41:35.713 [main] DEBUG org.hibernate.tool.schema.spi.SchemaManagementToolCoordinator - No schema actions specified for contributor 'orm'
2026-02-03 22:41:35.713 [main] DEBUG org.hibernate.tool.schema.spi.SchemaManagementToolCoordinator - No schema management actions found
2026-02-03 22:41:35.714 [main] DEBUG org.hibernate.orm.factoryRegistry - HHH020384: Registering SessionFactory [688db054-abab-40a6-b1b8-2f1b8a1f3ca5] (<unnamed>)
2026-02-03 22:41:35.715 [main] DEBUG org.hibernate.orm.core - HHH006588: Opening session [tenant=null]
2026-02-03 22:41:35.764 [main] DEBUG org.hibernate.orm.core - HHH006583: Beginning transaction
2026-02-03 22:41:36.239 [main] DEBUG org.hibernate.SQL - 
    select
        u1_0.id,
        u1_0.company_id,
        u1_0.birthday,
        u1_0.firstName,
        u1_0.lastName,
        u1_0.role,
        u1_0.username 
    from
        public.users u1_0
2026-02-03 22:41:36.320 [main] DEBUG org.hibernate.SQL - 
    select
        p1_0.id,
        p1_0.language,
        p1_0.street,
        u1_0.id,
        u1_0.company_id,
        u1_0.birthday,
        u1_0.firstName,
        u1_0.lastName,
        u1_0.role,
        u1_0.username 
    from
        public.profile p1_0 
    left join
        public.users u1_0 
            on u1_0.id=p1_0.user_id 
    where
        p1_0.user_id=?
2026-02-03 22:41:36.336 [main] DEBUG org.hibernate.SQL - 
    select
        c1_0.user_id,
        c1_1.id,
        c1_1.name 
    from
        users_chat c1_0 
    join
        public.chat c1_1 
            on c1_1.id=c1_0.chat_id 
    where
        c1_0.user_id=?
2026-02-03 22:41:36.346 [main] DEBUG org.hibernate.orm.core - HHH006584: Committing transaction
2026-02-03 22:41:36.356 [main] DEBUG org.hibernate.orm.event - HHH90060071: Flushed: 0 insertions, 0 updates, 0 deletions to 1 objects
2026-02-03 22:41:36.356 [main] DEBUG org.hibernate.orm.event - HHH90060072: Flushed: 0 (re)creations, 0 updates, 0 removals to 1 collections
2026-02-03 22:41:36.356 [main] DEBUG org.hibernate.orm.core - Listing entities:
2026-02-03 22:41:36.358 [main] DEBUG org.hibernate.orm.core - org.example.entity.User{personalInfo=component[birthday,firstName,lastName]{birthday=Birthday[birthday=1970-01-01], firstName=Nikita, lastName=Lazurchenko}, role=USER, profile=null, chats=[], company=<uninitialized>, id=1, username=admin}
2026-02-03 22:41:36.361 [main] DEBUG org.hibernate.session.metrics - HHH000401: Logging session metrics:
	35300 ns acquiring 1 JDBC connections
	28800 ns releasing 1 JDBC connections
	3584200 ns preparing 3 JDBC statements
	14288700 ns executing 3 JDBC statements
	0 ns executing 0 JDBC batches
	0 ns performing 0 second-level cache puts
	0 ns performing 0 second-level cache hits
	0 ns performing 0 second-level cache misses
	11948000 ns executing 1 flushes (flushing a total of 1 entities and 1 collections)
	301200 ns executing 1 pre-partial-flushes
	246100 ns executing 1 partial-flushes (flushing a total of 0 entities and 0 collections)

2026-02-03 22:41:36.361 [main] DEBUG org.hibernate.orm.factory - HHH90020005: Closing factory [688db054-abab-40a6-b1b8-2f1b8a1f3ca5]
2026-02-03 22:41:36.362 [main] DEBUG org.hibernate.orm.connections.pooling - HHH10001008: Cleaning up connection pool [jdbc:postgresql://localhost:5432/postgres]
