2026-02-02 14:43:51.180 [main] DEBUG org.hibernate.orm.bytecode.interceptor - HHH90005905: To-one property 'org.example.entity.TrainerCourse.course' was mapped with LAZY + NO_PROXY but the class was not enhanced
2026-02-02 14:43:51.198 [main] DEBUG org.hibernate.orm.bytecode.interceptor - HHH90005905: To-one property 'org.example.entity.TrainerCourse.trainer' was mapped with LAZY + NO_PROXY but the class was not enhanced
2026-02-02 14:43:51.198 [main] DEBUG org.hibernate.orm.bytecode.interceptor - HHH90005905: To-one property 'org.example.entity.TrainerCourse.trainer' was mapped with LAZY + NO_PROXY but the class was not enhanced
2026-02-02 14:43:51.211 [main] DEBUG org.hibernate.orm.core - HHH000513: Unable to create the ReflectionOptimizer for [org.example.entity.TrainerCourse]: private accessor [course]
2026-02-02 14:43:51.214 [main] DEBUG org.hibernate.orm.bytecode.interceptor - HHH90005905: To-one property 'org.example.entity.TrainerCourse.course' was mapped with LAZY + NO_PROXY but the class was not enhanced
2026-02-02 14:43:51.215 [main] DEBUG org.hibernate.orm.bytecode.interceptor - HHH90005905: To-one property 'org.example.entity.TrainerCourse.trainer' was mapped with LAZY + NO_PROXY but the class was not enhanced
2026-02-02 14:43:51.513 [main] INFO  org.hibernate.orm.core - HHH000489: No JTA platform available (set 'hibernate.transaction.jta.platform' to enable JTA platform integration)
2026-02-02 14:43:51.523 [main] DEBUG org.hibernate.orm.service - HHH010454: EventListenerRegistry access via ServiceRegistry is deprecated - use 'sessionFactory.getEventEngine().getListenerRegistry()' instead
2026-02-02 14:43:51.525 [main] DEBUG org.hibernate.tool.schema.spi.SchemaManagementToolCoordinator - No schema actions specified for contributor 'orm'
2026-02-02 14:43:51.525 [main] DEBUG org.hibernate.tool.schema.spi.SchemaManagementToolCoordinator - No schema management actions found
2026-02-02 14:43:51.526 [main] DEBUG org.hibernate.orm.factoryRegistry - HHH020384: Registering SessionFactory [25d50baf-e303-452c-9273-538bfd45f105] (<unnamed>)
2026-02-02 14:43:51.526 [main] DEBUG org.hibernate.orm.core - HHH006588: Opening session [tenant=null]
2026-02-02 14:43:51.580 [main] DEBUG org.hibernate.orm.core - HHH006583: Beginning transaction
2026-02-02 14:43:51.607 [main] DEBUG org.hibernate.SQL - 
    select
        c1_0.id,
        c1_0.course_name 
    from
        public.courses c1_0 
    where
        c1_0.id=?
2026-02-02 14:43:51.660 [main] DEBUG org.hibernate.SQL - 
    insert 
    into
        public.trainers
        (experience, first_name, last_name) 
    values
        (?, ?, ?)
2026-02-02 14:43:51.687 [main] DEBUG org.hibernate.SQL - 
    insert 
    into
        public.trainer_course
        (course_id, trainer_id) 
    values
        (?, ?)
2026-02-02 14:43:51.695 [main] DEBUG org.hibernate.orm.core - HHH006584: Committing transaction
2026-02-02 14:43:51.704 [main] DEBUG org.hibernate.orm.event - HHH90060071: Flushed: 0 insertions, 0 updates, 0 deletions to 3 objects
2026-02-02 14:43:51.704 [main] DEBUG org.hibernate.orm.event - HHH90060072: Flushed: 1 (re)creations, 1 updates, 0 removals to 3 collections
2026-02-02 14:43:51.704 [main] DEBUG org.hibernate.orm.core - Listing entities:
2026-02-02 14:43:51.706 [main] DEBUG org.hibernate.orm.core - org.example.entity.Trainer{firstName=Evgeniy, lastName=Taptunov, trainerCourses=[org.example.entity.TrainerCourse#3], id=1, experience=Midle}
2026-02-02 14:43:51.707 [main] DEBUG org.hibernate.orm.core - org.example.entity.TrainerCourse{trainer=org.example.entity.Trainer#1, course=org.example.entity.Course#2, id=3}
2026-02-02 14:43:51.707 [main] DEBUG org.hibernate.orm.core - org.example.entity.Course{courseName=Java EE, trainerCourses=<uninitialized>, students=<uninitialized>, id=2}
2026-02-02 14:43:51.717 [main] DEBUG org.hibernate.session.metrics - HHH000401: Logging session metrics:
	50600 ns acquiring 1 JDBC connections
	31400 ns releasing 1 JDBC connections
	3223800 ns preparing 3 JDBC statements
	25349900 ns executing 3 JDBC statements
	0 ns executing 0 JDBC batches
	0 ns performing 0 second-level cache puts
	0 ns performing 0 second-level cache hits
	0 ns performing 0 second-level cache misses
	17578400 ns executing 1 flushes (flushing a total of 3 entities and 3 collections)
	0 ns executing 0 pre-partial-flushes
	0 ns executing 0 partial-flushes (flushing a total of 0 entities and 0 collections)

2026-02-02 14:43:51.718 [main] DEBUG org.hibernate.orm.factory - HHH90020005: Closing factory [25d50baf-e303-452c-9273-538bfd45f105]
2026-02-02 14:43:51.718 [main] DEBUG org.hibernate.orm.connections.pooling - HHH10001008: Cleaning up connection pool [jdbc:postgresql://localhost:5432/postgres]
2026-02-02 14:45:36.727 [main] DEBUG org.jboss.logging - Logging Provider: org.jboss.logging.Log4j2LoggerProvider
2026-02-02 14:45:36.755 [main] DEBUG org.hibernate.orm.service - HHH010455: Adding integrator: org.hibernate.boot.beanvalidation.BeanValidationIntegrator
2026-02-02 14:45:36.760 [main] DEBUG org.hibernate.orm.service - HHH010455: Adding integrator: org.hibernate.cache.internal.CollectionCacheInvalidator
2026-02-02 14:45:36.787 [main] INFO  org.hibernate.orm.core - HHH000001: Hibernate ORM core version 7.3.0.CR1
2026-02-02 14:45:36.788 [main] DEBUG org.hibernate.orm.core - HHH000206: 'hibernate.properties' not found
2026-02-02 14:45:36.830 [main] WARN  org.hibernate.orm.deprecation - HHH90000012: Recognized obsolete hibernate namespace http://hibernate.sourceforge.net/hibernate-configuration. Use namespace http://www.hibernate.org/dtd/hibernate-configuration instead.  Support for obsolete DTD/XSD namespaces may be removed at any time.
2026-02-02 14:45:36.842 [main] DEBUG org.hibernate.orm.boot - HHH160204: cfg.xml document did not define namespaces; wrapping in custom event reader to introduce namespace information
2026-02-02 14:45:37.133 [main] WARN  org.hibernate.orm.deprecation - HHH90000012: Recognized obsolete hibernate namespace http://hibernate.sourceforge.net/hibernate-configuration. Use namespace http://www.hibernate.org/dtd/hibernate-configuration instead.  Support for obsolete DTD/XSD namespaces may be removed at any time.
2026-02-02 14:45:37.135 [main] DEBUG org.hibernate.orm.boot - HHH160204: cfg.xml document did not define namespaces; wrapping in custom event reader to introduce namespace information
2026-02-02 14:45:37.177 [main] DEBUG org.hibernate.orm.cache - HHH90001031: Cannot default RegionFactory since no RegionFactory strategies were registered
2026-02-02 14:45:37.178 [main] DEBUG org.hibernate.orm.cache - HHH90001029: Second-level cache disabled
2026-02-02 14:45:37.609 [main] WARN  org.hibernate.orm.connections.pooling - HHH10001002: Using built-in connection pool (not intended for production use)
2026-02-02 14:45:38.008 [main] DEBUG org.hibernate.orm.connections.pooling - HHH10001014: Initializing connection pool with 1 connections
2026-02-02 14:45:38.151 [main] DEBUG org.hibernate.orm.jdbc - HHH100017: Database:
	name: PostgreSQL
	version: 18.1
	major: 18
	minor: 1
2026-02-02 14:45:38.152 [main] DEBUG org.hibernate.orm.jdbc - HHH100018: Driver:
	name: PostgreSQL JDBC Driver
	version: 42.7.9
	major: 42
	minor: 7
	JDBC version: 4.2
2026-02-02 14:45:38.213 [main] DEBUG org.hibernate.orm.dialect - HHH035001: Using dialect: org.hibernate.dialect.PostgreSQLDialect, version: 18.1
2026-02-02 14:45:38.248 [main] DEBUG org.hibernate.orm.jdbc.lob - HHH10010004: Disabling contextual LOB creation as Dialect reported it is not supported
2026-02-02 14:45:38.248 [main] DEBUG org.hibernate.orm.jdbc - HHH100122: Using default JDBC fetch size: 0
2026-02-02 14:45:38.252 [main] INFO  org.hibernate.orm.connections.pooling - HHH10001005: Database info:
	Database JDBC URL [jdbc:postgresql://localhost:5432/postgres]
	Database driver: PostgreSQL JDBC Driver
	Database dialect: PostgreSQLDialect
	Database version: 18.1
	Default catalog/schema: postgres/public
	Autocommit mode: false
	Isolation level: READ_COMMITTED
	JDBC fetch size: none
	Pool: DriverManagerConnectionProvider
	Minimum pool size: 1
	Maximum pool size: 20
2026-02-02 14:45:38.949 [main] DEBUG org.hibernate.orm.factory - HHH90020001: Instantiating factory [505a44dc-1fa9-4d8c-acb1-a1b397626a4f] with settings: {hibernate.format_sql=true, java.specification.version=23, sun.cpu.isalist=amd64, sun.jnu.encoding=Cp1251, java.class.path=C:\IntelliJ IDEA 2024.3\lib\idea_rt.jar;C:\IntelliJ IDEA 2024.3\plugins\junit\lib\junit5-rt.jar;C:\IntelliJ IDEA 2024.3\plugins\junit\lib\junit-rt.jar;E:\JavaEE(lessons)\Hibernate_lesson\target\test-classes;E:\JavaEE(lessons)\Hibernate_lesson\target\classes;C:\Users\Admin\.m2\repository\org\junit\jupiter\junit-jupiter-api\5.11.2\junit-jupiter-api-5.11.2.jar;C:\Users\Admin\.m2\repository\org\opentest4j\opentest4j\1.3.0\opentest4j-1.3.0.jar;C:\Users\Admin\.m2\repository\org\junit\platform\junit-platform-commons\1.11.2\junit-platform-commons-1.11.2.jar;C:\Users\Admin\.m2\repository\org\apiguardian\apiguardian-api\1.1.2\apiguardian-api-1.1.2.jar;C:\Users\Admin\.m2\repository\org\junit\jupiter\junit-jupiter\6.1.0-M1\junit-jupiter-6.1.0-M1.jar;C:\Users\Admin\.m2\repository\org\junit\jupiter\junit-jupiter-params\6.1.0-M1\junit-jupiter-params-6.1.0-M1.jar;C:\Users\Admin\.m2\repository\org\jspecify\jspecify\1.0.0\jspecify-1.0.0.jar;C:\Users\Admin\.m2\repository\org\junit\jupiter\junit-jupiter-engine\6.1.0-M1\junit-jupiter-engine-6.1.0-M1.jar;C:\Users\Admin\.m2\repository\org\junit\platform\junit-platform-engine\6.1.0-M1\junit-platform-engine-6.1.0-M1.jar;C:\Users\Admin\.m2\repository\org\hibernate\orm\hibernate-core\7.3.0.CR1\hibernate-core-7.3.0.CR1.jar;C:\Users\Admin\.m2\repository\jakarta\persistence\jakarta.persistence-api\3.2.0\jakarta.persistence-api-3.2.0.jar;C:\Users\Admin\.m2\repository\jakarta\transaction\jakarta.transaction-api\2.0.1\jakarta.transaction-api-2.0.1.jar;C:\Users\Admin\.m2\repository\org\jboss\logging\jboss-logging\3.6.1.Final\jboss-logging-3.6.1.Final.jar;C:\Users\Admin\.m2\repository\org\hibernate\models\hibernate-models\1.0.1\hibernate-models-1.0.1.jar;C:\Users\Admin\.m2\repository\net\bytebuddy\byte-buddy\1.17.8\byte-buddy-1.17.8.jar;C:\Users\Admin\.m2\repository\jakarta\xml\bind\jakarta.xml.bind-api\4.0.4\jakarta.xml.bind-api-4.0.4.jar;C:\Users\Admin\.m2\repository\jakarta\activation\jakarta.activation-api\2.1.4\jakarta.activation-api-2.1.4.jar;C:\Users\Admin\.m2\repository\org\glassfish\jaxb\jaxb-runtime\4.0.6\jaxb-runtime-4.0.6.jar;C:\Users\Admin\.m2\repository\org\glassfish\jaxb\jaxb-core\4.0.6\jaxb-core-4.0.6.jar;C:\Users\Admin\.m2\repository\org\eclipse\angus\angus-activation\2.0.3\angus-activation-2.0.3.jar;C:\Users\Admin\.m2\repository\org\glassfish\jaxb\txw2\4.0.6\txw2-4.0.6.jar;C:\Users\Admin\.m2\repository\com\sun\istack\istack-commons-runtime\4.1.2\istack-commons-runtime-4.1.2.jar;C:\Users\Admin\.m2\repository\jakarta\inject\jakarta.inject-api\2.0.1\jakarta.inject-api-2.0.1.jar;C:\Users\Admin\.m2\repository\org\antlr\antlr4-runtime\4.13.2\antlr4-runtime-4.13.2.jar;C:\Users\Admin\.m2\repository\org\postgresql\postgresql\42.7.9\postgresql-42.7.9.jar;C:\Users\Admin\.m2\repository\org\checkerframework\checker-qual\3.52.0\checker-qual-3.52.0.jar;C:\Users\Admin\.m2\repository\org\projectlombok\lombok\1.18.42\lombok-1.18.42.jar;C:\Users\Admin\.m2\repository\junit\junit\4.13.2\junit-4.13.2.jar;C:\Users\Admin\.m2\repository\org\hamcrest\hamcrest-core\1.3\hamcrest-core-1.3.jar;C:\Users\Admin\.m2\repository\org\apache\logging\log4j\log4j-slf4j2-impl\2.25.3\log4j-slf4j2-impl-2.25.3.jar;C:\Users\Admin\.m2\repository\org\apache\logging\log4j\log4j-api\2.25.3\log4j-api-2.25.3.jar;C:\Users\Admin\.m2\repository\org\slf4j\slf4j-api\2.0.17\slf4j-api-2.0.17.jar;C:\Users\Admin\.m2\repository\org\apache\logging\log4j\log4j-core\2.25.3\log4j-core-2.25.3.jar, kotlinx.coroutines.debug.enable.mutable.state.flows.stack.trace=true, java.vm.vendor=Oracle Corporation, sun.arch.data.model=64, idea.test.cyclic.buffer.size=1048576, user.variant=, java.vendor.url=https://java.oracle.com/, user.timezone=Europe/Moscow, java.vm.specification.version=23, os.name=Windows 10, sun.java.launcher=SUN_STANDARD, user.country=RU, sun.boot.library.path=C:\Program Files\Java\jdk-23\bin, sun.java.command=com.intellij.rt.junit.JUnitStarter -ideVersion5 -junit4 org.example.HibernateRunnerTest,addTrainerAndCourse, jdk.debug=release, sun.cpu.endian=little, user.home=C:\Users\Admin, user.language=ru, sun.stderr.encoding=UTF-8, java.specification.vendor=Oracle Corporation, java.version.date=2024-10-15, java.home=C:\Program Files\Java\jdk-23, file.separator=\, java.vm.compressedOopsMode=Zero based, sun.stdout.encoding=UTF-8, line.separator=
, java.specification.name=Java Platform API Specification, java.vm.specification.vendor=Oracle Corporation, intellij.debug.agent=true, user.script=, connection.password=787898, sun.management.compiler=HotSpot 64-Bit Tiered Compilers, java.runtime.version=23.0.1+11-39, user.name=Admin, stdout.encoding=UTF-8, path.separator=;, kotlinx.coroutines.debug.enable.creation.stack.trace=false, hibernate.connection.username=****, os.version=10.0, java.runtime.name=Java(TM) SE Runtime Environment, hibernate.connection.url=jdbc:postgresql://localhost:5432/postgres, file.encoding=UTF-8, format_sql=true, java.vm.name=Java HotSpot(TM) 64-Bit Server VM, hibernate.show_sql=true, show_sql=true, hibernate.connection.driver_class=org.postgresql.Driver, java.vendor.url.bug=https://bugreport.java.com/bugreport/, java.io.tmpdir=C:\Users\Admin\AppData\Local\Temp\, java.version=23.0.1, jboss.modules.system.pkgs=com.intellij.rt, user.dir=E:\JavaEE(lessons)\Hibernate_lesson, os.arch=amd64, connection.username=postgres, java.vm.specification.name=Java Virtual Machine Specification, hibernate.connection.password=****, sun.os.patch.level=, connection.driver_class=org.postgresql.Driver, hibernate.boot.CfgXmlAccessService.key=org.hibernate.boot.cfgxml.spi.LoadedConfig@3cdc7b09, native.encoding=Cp1251, kotlinx.coroutines.debug.enable.flows.stack.trace=true, java.library.path=C:\Program Files\Java\jdk-23\bin;C:\Windows\Sun\Java\bin;C:\Windows\system32;C:\Windows;C:\Program Files\Common Files\Oracle\Java\javapath;C:\Windows\system32;C:\Windows;C:\Windows\System32\Wbem;C:\Windows\System32\WindowsPowerShell\v1.0\;C:\Windows\System32\OpenSSH\;C:\Program Files\Java\jdk-23\bin;C:\Program Files\Git\cmd;C:\Program Files\NVIDIA Corporation\NVIDIA App\NvDLISR;C:\Program Files\apache-maven-3.9.12\bin;C:\Users\Admin\AppData\Local\Microsoft\WindowsApps;C:\IntelliJ IDEA 2024.3\bin;;C:\Users\Admin\AppData\Local\Microsoft\WinGet\Packages\yuccastream.tuna_Microsoft.Winget.Source_8wekyb3d8bbwe;C:\Program Files\apache-maven-3.9.12\bin\;;., stderr.encoding=UTF-8, java.vendor=Oracle Corporation, java.vm.info=mixed mode, sharing, java.vm.version=23.0.1+11-39, java.rmi.server.randomIDs=true, sun.io.unicode.encoding=UnicodeLittle, connection.url=jdbc:postgresql://localhost:5432/postgres, java.class.version=67.0, debugger.agent.enable.coroutines=true}
