2026-01-31 00:48:10.331 [main] DEBUG org.hibernate.tool.schema.spi.SchemaManagementToolCoordinator - No schema actions specified for contributor 'orm'
2026-01-31 00:48:10.358 [main] DEBUG org.hibernate.tool.schema.spi.SchemaManagementToolCoordinator - No schema management actions found
2026-01-31 00:48:10.360 [main] DEBUG org.hibernate.orm.factoryRegistry - HHH020384: Registering SessionFactory [f1d4762b-f3dd-4334-b901-0094375955b3] (<unnamed>)
2026-01-31 00:48:10.360 [main] DEBUG org.hibernate.orm.core - HHH006588: Opening session [tenant=null]
2026-01-31 00:48:10.417 [main] DEBUG org.hibernate.orm.core - HHH006583: Beginning transaction
2026-01-31 00:48:10.474 [main] DEBUG org.hibernate.SQL - 
    SELECT
        * 
    FROM
        users
2026-01-31 00:48:10.508 [main] DEBUG org.hibernate.orm.results - Disallowing positional selections: SELECT * FROM users
2026-01-31 00:48:10.567 [main] DEBUG org.hibernate.SQL - 
    select
        p1_0.user_id,
        p1_0.language,
        p1_0.street,
        u1_0.id,
        u1_0.company_id,
        u1_0.birthday,
        u1_0.firstName,
        u1_0.lastName,
        u1_0.role,
        u1_0.username 
    from
        public.profile p1_0 
    left join
        public.users u1_0 
            on u1_0.id=p1_0.user_id 
    where
        p1_0.user_id=?
2026-01-31 00:48:10.584 [main] DEBUG org.hibernate.SQL - 
    select
        p1_0.user_id,
        p1_0.language,
        p1_0.street,
        u1_0.id,
        u1_0.company_id,
        u1_0.birthday,
        u1_0.firstName,
        u1_0.lastName,
        u1_0.role,
        u1_0.username 
    from
        public.profile p1_0 
    left join
        public.users u1_0 
            on u1_0.id=p1_0.user_id 
    where
        p1_0.user_id=?
2026-01-31 00:48:10.585 [main] DEBUG org.hibernate.SQL - 
    select
        p1_0.user_id,
        p1_0.language,
        p1_0.street,
        u1_0.id,
        u1_0.company_id,
        u1_0.birthday,
        u1_0.firstName,
        u1_0.lastName,
        u1_0.role,
        u1_0.username 
    from
        public.profile p1_0 
    left join
        public.users u1_0 
            on u1_0.id=p1_0.user_id 
    where
        p1_0.user_id=?
2026-01-31 00:48:10.599 [main] DEBUG org.hibernate.orm.core - HHH006584: Committing transaction
2026-01-31 00:48:10.606 [main] DEBUG org.hibernate.orm.event - HHH90060071: Flushed: 3 insertions, 0 updates, 0 deletions to 6 objects
2026-01-31 00:48:10.606 [main] DEBUG org.hibernate.orm.event - HHH90060072: Flushed: 0 (re)creations, 0 updates, 0 removals to 0 collections
2026-01-31 00:48:10.607 [main] DEBUG org.hibernate.orm.core - Listing entities:
2026-01-31 00:48:10.609 [main] DEBUG org.hibernate.orm.core - org.example.entity.Profile{street=Свободы 67, language=ML, id=3, user=null}
2026-01-31 00:48:10.609 [main] DEBUG org.hibernate.orm.core - org.example.entity.Profile{street=Независимости 34, language=UA, id=4, user=null}
2026-01-31 00:48:10.610 [main] DEBUG org.hibernate.orm.core - org.example.entity.User{personalInfo=component[birthday,firstName,lastName]{birthday=Birthday[birthday=1978-02-23], firstName=Andrey, lastName=Petrov}, role=USER, profile=null, company=<uninitialized>, id=3, username=example@gmail.com}
2026-01-31 00:48:10.611 [main] DEBUG org.hibernate.orm.core - org.example.entity.User{personalInfo=component[birthday,firstName,lastName]{birthday=Birthday[birthday=1986-04-12], firstName=Charlies, lastName=Calthrop}, role=USER, profile=null, company=<uninitialized>, id=4, username=spanish@gmail.com}
2026-01-31 00:48:10.611 [main] DEBUG org.hibernate.orm.core - org.example.entity.Profile{street=Мира 14, language=RU, id=2, user=null}
2026-01-31 00:48:10.611 [main] DEBUG org.hibernate.orm.core - org.example.entity.User{personalInfo=component[birthday,firstName,lastName]{birthday=Birthday[birthday=1988-07-12], firstName=Anton, lastName=Ivanov}, role=USER, profile=null, company=<uninitialized>, id=2, username=poshta@gmail.com}
2026-01-31 00:48:10.621 [main] DEBUG org.hibernate.SQL - 
    insert 
    into
        public.profile
        (language, street, user_id) 
    values
        (?, ?, ?)
2026-01-31 00:48:10.633 [main] DEBUG org.hibernate.SQL - 
    insert 
    into
        public.profile
        (language, street, user_id) 
    values
        (?, ?, ?)
2026-01-31 00:48:10.634 [main] DEBUG org.hibernate.SQL - 
    insert 
    into
        public.profile
        (language, street, user_id) 
    values
        (?, ?, ?)
2026-01-31 00:48:10.641 [main] DEBUG org.hibernate.session.metrics - HHH000401: Logging session metrics:
	39300 ns acquiring 1 JDBC connections
	30300 ns releasing 1 JDBC connections
	3913500 ns preparing 7 JDBC statements
	25269200 ns executing 7 JDBC statements
	0 ns executing 0 JDBC batches
	0 ns performing 0 second-level cache puts
	0 ns performing 0 second-level cache hits
	0 ns performing 0 second-level cache misses
	35298100 ns executing 1 flushes (flushing a total of 6 entities and 0 collections)
	0 ns executing 0 pre-partial-flushes
	325200 ns executing 1 partial-flushes (flushing a total of 0 entities and 0 collections)

2026-01-31 00:48:10.641 [main] DEBUG org.hibernate.orm.factory - HHH90020005: Closing factory [f1d4762b-f3dd-4334-b901-0094375955b3]
2026-01-31 00:48:10.642 [main] DEBUG org.hibernate.orm.connections.pooling - HHH10001008: Cleaning up connection pool [jdbc:postgresql://localhost:5432/postgres]
2026-01-31 00:54:10.669 [main] DEBUG org.jboss.logging - Logging Provider: org.jboss.logging.Log4j2LoggerProvider
2026-01-31 00:54:10.692 [main] DEBUG org.hibernate.orm.service - HHH010455: Adding integrator: org.hibernate.boot.beanvalidation.BeanValidationIntegrator
2026-01-31 00:54:10.698 [main] DEBUG org.hibernate.orm.service - HHH010455: Adding integrator: org.hibernate.cache.internal.CollectionCacheInvalidator
2026-01-31 00:54:10.723 [main] INFO  org.hibernate.orm.core - HHH000001: Hibernate ORM core version 7.3.0.CR1
2026-01-31 00:54:10.724 [main] DEBUG org.hibernate.orm.core - HHH000206: 'hibernate.properties' not found
2026-01-31 00:54:10.766 [main] WARN  org.hibernate.orm.deprecation - HHH90000012: Recognized obsolete hibernate namespace http://hibernate.sourceforge.net/hibernate-configuration. Use namespace http://www.hibernate.org/dtd/hibernate-configuration instead.  Support for obsolete DTD/XSD namespaces may be removed at any time.
2026-01-31 00:54:10.777 [main] DEBUG org.hibernate.orm.boot - HHH160204: cfg.xml document did not define namespaces; wrapping in custom event reader to introduce namespace information
2026-01-31 00:54:11.072 [main] WARN  org.hibernate.orm.deprecation - HHH90000012: Recognized obsolete hibernate namespace http://hibernate.sourceforge.net/hibernate-configuration. Use namespace http://www.hibernate.org/dtd/hibernate-configuration instead.  Support for obsolete DTD/XSD namespaces may be removed at any time.
2026-01-31 00:54:11.074 [main] DEBUG org.hibernate.orm.boot - HHH160204: cfg.xml document did not define namespaces; wrapping in custom event reader to introduce namespace information
2026-01-31 00:54:11.129 [main] DEBUG org.hibernate.orm.cache - HHH90001031: Cannot default RegionFactory since no RegionFactory strategies were registered
2026-01-31 00:54:11.130 [main] DEBUG org.hibernate.orm.cache - HHH90001029: Second-level cache disabled
2026-01-31 00:54:11.573 [main] WARN  org.hibernate.orm.connections.pooling - HHH10001002: Using built-in connection pool (not intended for production use)
2026-01-31 00:54:12.148 [main] DEBUG org.hibernate.orm.connections.pooling - HHH10001014: Initializing connection pool with 1 connections
2026-01-31 00:54:12.512 [main] DEBUG org.hibernate.orm.jdbc - HHH100017: Database:
	name: PostgreSQL
	version: 18.1
	major: 18
	minor: 1
2026-01-31 00:54:12.512 [main] DEBUG org.hibernate.orm.jdbc - HHH100018: Driver:
	name: PostgreSQL JDBC Driver
	version: 42.7.9
	major: 42
	minor: 7
	JDBC version: 4.2
2026-01-31 00:54:12.569 [main] DEBUG org.hibernate.orm.dialect - HHH035001: Using dialect: org.hibernate.dialect.PostgreSQLDialect, version: 18.1
2026-01-31 00:54:12.604 [main] DEBUG org.hibernate.orm.jdbc.lob - HHH10010004: Disabling contextual LOB creation as Dialect reported it is not supported
2026-01-31 00:54:12.605 [main] DEBUG org.hibernate.orm.jdbc - HHH100122: Using default JDBC fetch size: 0
2026-01-31 00:54:12.607 [main] INFO  org.hibernate.orm.connections.pooling - HHH10001005: Database info:
	Database JDBC URL [jdbc:postgresql://localhost:5432/postgres]
	Database driver: PostgreSQL JDBC Driver
	Database dialect: PostgreSQLDialect
	Database version: 18.1
	Default catalog/schema: postgres/public
	Autocommit mode: false
	Isolation level: READ_COMMITTED
	JDBC fetch size: none
	Pool: DriverManagerConnectionProvider
	Minimum pool size: 1
	Maximum pool size: 20
2026-01-31 00:54:13.303 [main] DEBUG org.hibernate.orm.factory - HHH90020001: Instantiating factory [c44426cf-a8eb-4b56-960d-0ab471aad1aa] with settings: {hibernate.format_sql=true, java.specification.version=23, sun.cpu.isalist=amd64, sun.jnu.encoding=Cp1251, java.class.path=C:\IntelliJ IDEA 2024.3\lib\idea_rt.jar;C:\IntelliJ IDEA 2024.3\plugins\junit\lib\junit5-rt.jar;C:\IntelliJ IDEA 2024.3\plugins\junit\lib\junit-rt.jar;E:\JavaEE(lessons)\Hibernate_lesson\target\test-classes;E:\JavaEE(lessons)\Hibernate_lesson\target\classes;C:\Users\Admin\.m2\repository\org\junit\jupiter\junit-jupiter-api\5.11.2\junit-jupiter-api-5.11.2.jar;C:\Users\Admin\.m2\repository\org\opentest4j\opentest4j\1.3.0\opentest4j-1.3.0.jar;C:\Users\Admin\.m2\repository\org\junit\platform\junit-platform-commons\1.11.2\junit-platform-commons-1.11.2.jar;C:\Users\Admin\.m2\repository\org\apiguardian\apiguardian-api\1.1.2\apiguardian-api-1.1.2.jar;C:\Users\Admin\.m2\repository\org\junit\jupiter\junit-jupiter\6.1.0-M1\junit-jupiter-6.1.0-M1.jar;C:\Users\Admin\.m2\repository\org\junit\jupiter\junit-jupiter-params\6.1.0-M1\junit-jupiter-params-6.1.0-M1.jar;C:\Users\Admin\.m2\repository\org\jspecify\jspecify\1.0.0\jspecify-1.0.0.jar;C:\Users\Admin\.m2\repository\org\junit\jupiter\junit-jupiter-engine\6.1.0-M1\junit-jupiter-engine-6.1.0-M1.jar;C:\Users\Admin\.m2\repository\org\junit\platform\junit-platform-engine\6.1.0-M1\junit-platform-engine-6.1.0-M1.jar;C:\Users\Admin\.m2\repository\org\hibernate\orm\hibernate-core\7.3.0.CR1\hibernate-core-7.3.0.CR1.jar;C:\Users\Admin\.m2\repository\jakarta\persistence\jakarta.persistence-api\3.2.0\jakarta.persistence-api-3.2.0.jar;C:\Users\Admin\.m2\repository\jakarta\transaction\jakarta.transaction-api\2.0.1\jakarta.transaction-api-2.0.1.jar;C:\Users\Admin\.m2\repository\org\jboss\logging\jboss-logging\3.6.1.Final\jboss-logging-3.6.1.Final.jar;C:\Users\Admin\.m2\repository\org\hibernate\models\hibernate-models\1.0.1\hibernate-models-1.0.1.jar;C:\Users\Admin\.m2\repository\net\bytebuddy\byte-buddy\1.17.8\byte-buddy-1.17.8.jar;C:\Users\Admin\.m2\repository\jakarta\xml\bind\jakarta.xml.bind-api\4.0.4\jakarta.xml.bind-api-4.0.4.jar;C:\Users\Admin\.m2\repository\jakarta\activation\jakarta.activation-api\2.1.4\jakarta.activation-api-2.1.4.jar;C:\Users\Admin\.m2\repository\org\glassfish\jaxb\jaxb-runtime\4.0.6\jaxb-runtime-4.0.6.jar;C:\Users\Admin\.m2\repository\org\glassfish\jaxb\jaxb-core\4.0.6\jaxb-core-4.0.6.jar;C:\Users\Admin\.m2\repository\org\eclipse\angus\angus-activation\2.0.3\angus-activation-2.0.3.jar;C:\Users\Admin\.m2\repository\org\glassfish\jaxb\txw2\4.0.6\txw2-4.0.6.jar;C:\Users\Admin\.m2\repository\com\sun\istack\istack-commons-runtime\4.1.2\istack-commons-runtime-4.1.2.jar;C:\Users\Admin\.m2\repository\jakarta\inject\jakarta.inject-api\2.0.1\jakarta.inject-api-2.0.1.jar;C:\Users\Admin\.m2\repository\org\antlr\antlr4-runtime\4.13.2\antlr4-runtime-4.13.2.jar;C:\Users\Admin\.m2\repository\org\postgresql\postgresql\42.7.9\postgresql-42.7.9.jar;C:\Users\Admin\.m2\repository\org\checkerframework\checker-qual\3.52.0\checker-qual-3.52.0.jar;C:\Users\Admin\.m2\repository\org\projectlombok\lombok\1.18.42\lombok-1.18.42.jar;C:\Users\Admin\.m2\repository\junit\junit\4.13.2\junit-4.13.2.jar;C:\Users\Admin\.m2\repository\org\hamcrest\hamcrest-core\1.3\hamcrest-core-1.3.jar;C:\Users\Admin\.m2\repository\org\apache\logging\log4j\log4j-slf4j2-impl\2.25.3\log4j-slf4j2-impl-2.25.3.jar;C:\Users\Admin\.m2\repository\org\apache\logging\log4j\log4j-api\2.25.3\log4j-api-2.25.3.jar;C:\Users\Admin\.m2\repository\org\slf4j\slf4j-api\2.0.17\slf4j-api-2.0.17.jar;C:\Users\Admin\.m2\repository\org\apache\logging\log4j\log4j-core\2.25.3\log4j-core-2.25.3.jar, kotlinx.coroutines.debug.enable.mutable.state.flows.stack.trace=true, java.vm.vendor=Oracle Corporation, sun.arch.data.model=64, idea.test.cyclic.buffer.size=1048576, user.variant=, java.vendor.url=https://java.oracle.com/, user.timezone=Europe/Moscow, java.vm.specification.version=23, os.name=Windows 10, sun.java.launcher=SUN_STANDARD, user.country=RU, sun.boot.library.path=C:\Program Files\Java\jdk-23\bin, sun.java.command=com.intellij.rt.junit.JUnitStarter -ideVersion5 -junit4 org.example.HibernateRunnerTest,checkOneToOne, jdk.debug=release, sun.cpu.endian=little, user.home=C:\Users\Admin, user.language=ru, sun.stderr.encoding=UTF-8, java.specification.vendor=Oracle Corporation, java.version.date=2024-10-15, java.home=C:\Program Files\Java\jdk-23, file.separator=\, java.vm.compressedOopsMode=Zero based, sun.stdout.encoding=UTF-8, line.separator=
, java.specification.name=Java Platform API Specification, java.vm.specification.vendor=Oracle Corporation, intellij.debug.agent=true, user.script=, connection.password=787898, sun.management.compiler=HotSpot 64-Bit Tiered Compilers, java.runtime.version=23.0.1+11-39, user.name=Admin, stdout.encoding=UTF-8, path.separator=;, kotlinx.coroutines.debug.enable.creation.stack.trace=false, hibernate.connection.username=****, os.version=10.0, java.runtime.name=Java(TM) SE Runtime Environment, hibernate.connection.url=jdbc:postgresql://localhost:5432/postgres, file.encoding=UTF-8, format_sql=true, java.vm.name=Java HotSpot(TM) 64-Bit Server VM, hibernate.show_sql=true, show_sql=true, hibernate.connection.driver_class=org.postgresql.Driver, java.vendor.url.bug=https://bugreport.java.com/bugreport/, java.io.tmpdir=C:\Users\Admin\AppData\Local\Temp\, java.version=23.0.1, jboss.modules.system.pkgs=com.intellij.rt, user.dir=E:\JavaEE(lessons)\Hibernate_lesson, os.arch=amd64, connection.username=postgres, java.vm.specification.name=Java Virtual Machine Specification, hibernate.connection.password=****, sun.os.patch.level=, connection.driver_class=org.postgresql.Driver, hibernate.boot.CfgXmlAccessService.key=org.hibernate.boot.cfgxml.spi.LoadedConfig@2921a36a, native.encoding=Cp1251, kotlinx.coroutines.debug.enable.flows.stack.trace=true, java.library.path=C:\Program Files\Java\jdk-23\bin;C:\Windows\Sun\Java\bin;C:\Windows\system32;C:\Windows;C:\Program Files\Common Files\Oracle\Java\javapath;C:\Windows\system32;C:\Windows;C:\Windows\System32\Wbem;C:\Windows\System32\WindowsPowerShell\v1.0\;C:\Windows\System32\OpenSSH\;C:\Program Files\Java\jdk-23\bin;C:\Program Files\Git\cmd;C:\Program Files\NVIDIA Corporation\NVIDIA App\NvDLISR;C:\Program Files\apache-maven-3.9.12\bin;C:\Users\Admin\AppData\Local\Microsoft\WindowsApps;C:\IntelliJ IDEA 2024.3\bin;;C:\Users\Admin\AppData\Local\Microsoft\WinGet\Packages\yuccastream.tuna_Microsoft.Winget.Source_8wekyb3d8bbwe;C:\Program Files\apache-maven-3.9.12\bin\;;., stderr.encoding=UTF-8, java.vendor=Oracle Corporation, java.vm.info=mixed mode, sharing, java.vm.version=23.0.1+11-39, java.rmi.server.randomIDs=true, sun.io.unicode.encoding=UnicodeLittle, connection.url=jdbc:postgresql://localhost:5432/postgres, java.class.version=67.0, debugger.agent.enable.coroutines=true}
