2026-01-31 00:59:19.907 [main] DEBUG org.hibernate.tool.schema.spi.SchemaManagementToolCoordinator - No schema actions specified for contributor 'orm'
2026-01-31 00:59:19.928 [main] DEBUG org.hibernate.tool.schema.spi.SchemaManagementToolCoordinator - No schema management actions found
2026-01-31 00:59:19.929 [main] DEBUG org.hibernate.orm.factoryRegistry - HHH020384: Registering SessionFactory [33f89553-e6bf-4452-9103-3b6c66d82352] (<unnamed>)
2026-01-31 00:59:19.929 [main] DEBUG org.hibernate.orm.core - HHH006588: Opening session [tenant=null]
2026-01-31 00:59:19.998 [main] DEBUG org.hibernate.orm.core - HHH006583: Beginning transaction
2026-01-31 00:59:20.056 [main] DEBUG org.hibernate.SQL - 
    SELECT
        * 
    FROM
        users
2026-01-31 00:59:20.081 [main] DEBUG org.hibernate.orm.results - Disallowing positional selections: SELECT * FROM users
2026-01-31 00:59:20.120 [main] DEBUG org.hibernate.SQL - 
    select
        p1_0.id,
        p1_0.language,
        p1_0.street,
        u1_0.id,
        u1_0.company_id,
        u1_0.birthday,
        u1_0.firstName,
        u1_0.lastName,
        u1_0.role,
        u1_0.username 
    from
        public.profile p1_0 
    left join
        public.users u1_0 
            on u1_0.id=p1_0.user_id 
    where
        p1_0.user_id=?
2026-01-31 00:59:20.142 [main] DEBUG org.hibernate.SQL - 
    select
        p1_0.id,
        p1_0.language,
        p1_0.street,
        u1_0.id,
        u1_0.company_id,
        u1_0.birthday,
        u1_0.firstName,
        u1_0.lastName,
        u1_0.role,
        u1_0.username 
    from
        public.profile p1_0 
    left join
        public.users u1_0 
            on u1_0.id=p1_0.user_id 
    where
        p1_0.user_id=?
2026-01-31 00:59:20.145 [main] DEBUG org.hibernate.SQL - 
    select
        p1_0.id,
        p1_0.language,
        p1_0.street,
        u1_0.id,
        u1_0.company_id,
        u1_0.birthday,
        u1_0.firstName,
        u1_0.lastName,
        u1_0.role,
        u1_0.username 
    from
        public.profile p1_0 
    left join
        public.users u1_0 
            on u1_0.id=p1_0.user_id 
    where
        p1_0.user_id=?
2026-01-31 00:59:20.164 [main] DEBUG org.hibernate.SQL - 
    insert 
    into
        public.profile
        (language, street, user_id) 
    values
        (?, ?, ?)
2026-01-31 00:59:20.176 [main] WARN  org.hibernate.orm.jdbc.error - HHH000247: ErrorCode: 0, SQLState: 23502
2026-01-31 00:59:20.176 [main] WARN  org.hibernate.orm.jdbc.error - ОШИБКА: null value in column "id" of relation "profile" violates not-null constraint
  Подробности: Failing row contains (null, 2, Мира 14, RU).
2026-01-31 00:59:20.177 [main] DEBUG org.hibernate.orm.jdbc.error - could not execute statement [insert into public.profile (language,street,user_id) values (?,?,?)]
org.postgresql.util.PSQLException: ОШИБКА: null value in column "id" of relation "profile" violates not-null constraint
  Подробности: Failing row contains (null, 2, Мира 14, RU).
	at org.postgresql.core.v3.QueryExecutorImpl.receiveErrorResponse(QueryExecutorImpl.java:2846)
	at org.postgresql.core.v3.QueryExecutorImpl.processResults(QueryExecutorImpl.java:2531)
	at org.postgresql.core.v3.QueryExecutorImpl.execute(QueryExecutorImpl.java:429)
	at org.postgresql.jdbc.PgStatement.executeInternal(PgStatement.java:526)
	at org.postgresql.jdbc.PgStatement.execute(PgStatement.java:436)
	at org.postgresql.jdbc.PgPreparedStatement.executeWithFlags(PgPreparedStatement.java:196)
	at org.postgresql.jdbc.PgPreparedStatement.executeUpdate(PgPreparedStatement.java:157)
	at org.hibernate.engine.jdbc.internal.ResultSetReturnImpl.executeUpdate(ResultSetReturnImpl.java:181)
	at org.hibernate.id.insert.GetGeneratedKeysDelegate.performMutation(GetGeneratedKeysDelegate.java:103)
	at org.hibernate.engine.jdbc.mutation.internal.MutationExecutorSingleNonBatched.performNonBatchedOperations(MutationExecutorSingleNonBatched.java:45)
	at org.hibernate.engine.jdbc.mutation.internal.AbstractMutationExecutor.execute(AbstractMutationExecutor.java:66)
	at org.hibernate.engine.jdbc.mutation.internal.AbstractMutationExecutor.execute(AbstractMutationExecutor.java:55)
	at org.hibernate.persister.entity.mutation.InsertCoordinatorStandard.doStaticInserts(InsertCoordinatorStandard.java:180)
	at org.hibernate.persister.entity.mutation.InsertCoordinatorStandard.coordinateInsert(InsertCoordinatorStandard.java:120)
	at org.hibernate.persister.entity.mutation.InsertCoordinatorStandard.insert(InsertCoordinatorStandard.java:84)
	at org.hibernate.action.internal.EntityIdentityInsertAction.execute(EntityIdentityInsertAction.java:85)
	at org.hibernate.engine.spi.ActionQueue.execute(ActionQueue.java:667)
	at org.hibernate.engine.spi.ActionQueue.addResolvedEntityInsertAction(ActionQueue.java:291)
	at org.hibernate.engine.spi.ActionQueue.addInsertAction(ActionQueue.java:270)
	at org.hibernate.engine.spi.ActionQueue.addAction(ActionQueue.java:322)
	at org.hibernate.event.internal.AbstractSaveEventListener.addInsertAction(AbstractSaveEventListener.java:371)
	at org.hibernate.event.internal.AbstractSaveEventListener.performSaveOrReplicate(AbstractSaveEventListener.java:285)
	at org.hibernate.event.internal.AbstractSaveEventListener.performSave(AbstractSaveEventListener.java:215)
	at org.hibernate.event.internal.AbstractSaveEventListener.saveWithGeneratedId(AbstractSaveEventListener.java:133)
	at org.hibernate.event.internal.DefaultPersistEventListener.entityIsTransient(DefaultPersistEventListener.java:144)
	at org.hibernate.event.internal.DefaultPersistEventListener.persist(DefaultPersistEventListener.java:91)
	at org.hibernate.event.internal.DefaultPersistEventListener.onPersist(DefaultPersistEventListener.java:75)
	at org.hibernate.event.internal.DefaultPersistEventListener.onPersist(DefaultPersistEventListener.java:51)
	at org.hibernate.event.service.internal.EventListenerGroupImpl.fireEventOnEachListener(EventListenerGroupImpl.java:138)
	at org.hibernate.internal.SessionImpl.firePersist(SessionImpl.java:693)
	at org.hibernate.internal.SessionImpl.persist(SessionImpl.java:676)
	at org.example.HibernateRunnerTest.checkOneToOne(HibernateRunnerTest.java:37)
	at java.base/jdk.internal.reflect.DirectMethodHandleAccessor.invoke(DirectMethodHandleAccessor.java:103)
	at java.base/java.lang.reflect.Method.invoke(Method.java:580)
	at org.junit.runners.model.FrameworkMethod$1.runReflectiveCall(FrameworkMethod.java:59)
	at org.junit.internal.runners.model.ReflectiveCallable.run(ReflectiveCallable.java:12)
	at org.junit.runners.model.FrameworkMethod.invokeExplosively(FrameworkMethod.java:56)
	at org.junit.internal.runners.statements.InvokeMethod.evaluate(InvokeMethod.java:17)
	at org.junit.runners.ParentRunner$3.evaluate(ParentRunner.java:306)
	at org.junit.runners.BlockJUnit4ClassRunner$1.evaluate(BlockJUnit4ClassRunner.java:100)
	at org.junit.runners.ParentRunner.runLeaf(ParentRunner.java:366)
	at org.junit.runners.BlockJUnit4ClassRunner.runChild(BlockJUnit4ClassRunner.java:103)
	at org.junit.runners.BlockJUnit4ClassRunner.runChild(BlockJUnit4ClassRunner.java:63)
	at org.junit.runners.ParentRunner$4.run(ParentRunner.java:331)
	at org.junit.runners.ParentRunner$1.schedule(ParentRunner.java:79)
	at org.junit.runners.ParentRunner.runChildren(ParentRunner.java:329)
	at org.junit.runners.ParentRunner.access$100(ParentRunner.java:66)
	at org.junit.runners.ParentRunner$2.evaluate(ParentRunner.java:293)
	at org.junit.runners.ParentRunner$3.evaluate(ParentRunner.java:306)
	at org.junit.runners.ParentRunner.run(ParentRunner.java:413)
	at org.junit.runner.JUnitCore.run(JUnitCore.java:137)
	at com.intellij.junit4.JUnit4IdeaTestRunner.startRunnerWithArgs(JUnit4IdeaTestRunner.java:69)
	at com.intellij.rt.junit.IdeaTestRunner$Repeater$1.execute(IdeaTestRunner.java:38)
	at com.intellij.rt.execution.junit.TestsRepeater.repeat(TestsRepeater.java:11)
	at com.intellij.rt.junit.IdeaTestRunner$Repeater.startRunnerWithArgs(IdeaTestRunner.java:35)
	at com.intellij.rt.junit.JUnitStarter.prepareStreamsAndStart(JUnitStarter.java:232)
	at com.intellij.rt.junit.JUnitStarter.main(JUnitStarter.java:55)
2026-01-31 00:59:20.186 [main] DEBUG org.hibernate.session.metrics - HHH000401: Logging session metrics:
	41800 ns acquiring 1 JDBC connections
	0 ns releasing 0 JDBC connections
	5384100 ns preparing 5 JDBC statements
	31241500 ns executing 5 JDBC statements
	0 ns executing 0 JDBC batches
	0 ns performing 0 second-level cache puts
	0 ns performing 0 second-level cache hits
	0 ns performing 0 second-level cache misses
	0 ns executing 0 flushes (flushing a total of 0 entities and 0 collections)
	0 ns executing 0 pre-partial-flushes
	327200 ns executing 1 partial-flushes (flushing a total of 0 entities and 0 collections)

2026-01-31 00:59:20.187 [main] DEBUG org.hibernate.orm.factory - HHH90020005: Closing factory [33f89553-e6bf-4452-9103-3b6c66d82352]
2026-01-31 00:59:20.188 [main] DEBUG org.hibernate.orm.connections.pooling - HHH10001008: Cleaning up connection pool [jdbc:postgresql://localhost:5432/postgres]
2026-01-31 01:04:35.318 [main] DEBUG org.jboss.logging - Logging Provider: org.jboss.logging.Log4j2LoggerProvider
2026-01-31 01:04:35.346 [main] DEBUG org.hibernate.orm.service - HHH010455: Adding integrator: org.hibernate.boot.beanvalidation.BeanValidationIntegrator
2026-01-31 01:04:35.352 [main] DEBUG org.hibernate.orm.service - HHH010455: Adding integrator: org.hibernate.cache.internal.CollectionCacheInvalidator
2026-01-31 01:04:35.377 [main] INFO  org.hibernate.orm.core - HHH000001: Hibernate ORM core version 7.3.0.CR1
2026-01-31 01:04:35.379 [main] DEBUG org.hibernate.orm.core - HHH000206: 'hibernate.properties' not found
2026-01-31 01:04:35.420 [main] WARN  org.hibernate.orm.deprecation - HHH90000012: Recognized obsolete hibernate namespace http://hibernate.sourceforge.net/hibernate-configuration. Use namespace http://www.hibernate.org/dtd/hibernate-configuration instead.  Support for obsolete DTD/XSD namespaces may be removed at any time.
2026-01-31 01:04:35.430 [main] DEBUG org.hibernate.orm.boot - HHH160204: cfg.xml document did not define namespaces; wrapping in custom event reader to introduce namespace information
